<?xml version="1.0" encoding="UTF-8"?>
<!-- Generated by org.testng.reporters.JUnitXMLReporter -->
<testsuite hostname="DESKTOP-4OT405N" ignored="0" name="Test" tests="4" failures="0" timestamp="2020-11-05T11:53:35 CET" time="0.097" errors="0">
  <testcase name="deleteTwitter" time="0.011" classname="qaclickacademy.Mavenjava.RESTAPITest"/>
  <testcase name="postJira" time="0.0" classname="qaclickacademy.Mavenjava.RESTAPITest"/>
  <testcase name="IOSApps" time="0.001" classname="qaclickacademy.Mavenjava.AppiumTest"/>
  <testcase name="NativeAppAndroid" time="0.0" classname="qaclickacademy.Mavenjava.AppiumTest"/>
</testsuite> <!-- Test -->
